
> dashboard@0.1.0 lint
> eslint


F:\Adwelink\AMS\app\api\webhooks\whatsapp\route.ts
  40:19  warning  'timestamp' is assigned a value but never used  @typescript-eslint/no-unused-vars

F:\Adwelink\AMS\app\feedback\page.tsx
  6:46  warning  'Building2' is defined but never used      @typescript-eslint/no-unused-vars
  6:57  warning  'MessageSquare' is defined but never used  @typescript-eslint/no-unused-vars
  6:82  warning  'CheckCircle2' is defined but never used   @typescript-eslint/no-unused-vars
  9:10  warning  'createClient' is defined but never used   @typescript-eslint/no-unused-vars

F:\Adwelink\AMS\app\landing\page.tsx
  5:5  warning  'ChevronRight' is defined but never used  @typescript-eslint/no-unused-vars

F:\Adwelink\AMS\app\login\page.tsx
  10:10  warning  'useEffect' is defined but never used  @typescript-eslint/no-unused-vars

F:\Adwelink\AMS\app\manifesto\page.tsx
  8:5  warning  'MessageSquare' is defined but never used  @typescript-eslint/no-unused-vars
  9:5  warning  'Zap' is defined but never used            @typescript-eslint/no-unused-vars

F:\Adwelink\AMS\app\market\page.tsx
  4:10  warning  'HireAgentButton' is defined but never used  @typescript-eslint/no-unused-vars

F:\Adwelink\AMS\app\page.tsx
  57:13  warning  Unused eslint-disable directive (no problems were reported from '@typescript-eslint/no-explicit-any')
  59:37  error    Unexpected any. Specify a different type                                                               @typescript-eslint/no-explicit-any

F:\Adwelink\AMS\app\settings\settings-client.tsx
  12:5  warning  'ShieldAlert' is defined but never used  @typescript-eslint/no-unused-vars

F:\Adwelink\AMS\app\workspace\actions.ts
  4:10  warning  'cookies' is defined but never used  @typescript-eslint/no-unused-vars

F:\Adwelink\AMS\app\workspace\courses\page.tsx
   10:5   warning  'CardDescription' is defined but never used        @typescript-eslint/no-unused-vars
   20:5   warning  'DialogTrigger' is defined but never used          @typescript-eslint/no-unused-vars
   28:5   warning  'ArrowRight' is defined but never used             @typescript-eslint/no-unused-vars
  118:21  warning  'id' is assigned a value but never used            @typescript-eslint/no-unused-vars
  118:25  warning  'created_at' is assigned a value but never used    @typescript-eslint/no-unused-vars
  118:37  warning  'updated_at' is assigned a value but never used    @typescript-eslint/no-unused-vars
  118:49  warning  'institute_id' is assigned a value but never used  @typescript-eslint/no-unused-vars

F:\Adwelink\AMS\app\workspace\leads\page.tsx
   21:10  warning  'format' is defined but never used                 @typescript-eslint/no-unused-vars
   46:21  warning  'id' is assigned a value but never used            @typescript-eslint/no-unused-vars
   46:25  warning  'created_at' is assigned a value but never used    @typescript-eslint/no-unused-vars
   46:37  warning  'updated_at' is assigned a value but never used    @typescript-eslint/no-unused-vars
   46:49  warning  'institute_id' is assigned a value but never used  @typescript-eslint/no-unused-vars
  104:18  warning  'e' is defined but never used                      @typescript-eslint/no-unused-vars

F:\Adwelink\AMS\app\workspace\page.tsx
   4:38  warning  'Bell' is defined but never used                  @typescript-eslint/no-unused-vars
   4:81  warning  'GraduationCap' is defined but never used         @typescript-eslint/no-unused-vars
  24:11  warning  'user' is assigned a value but never used         @typescript-eslint/no-unused-vars
  26:11  warning  'activeAgent' is assigned a value but never used  @typescript-eslint/no-unused-vars

F:\Adwelink\AMS\app\workspace\students\page.tsx
   4:10  warning  'createClient' is defined but never used  @typescript-eslint/no-unused-vars
  10:5   warning  'CardHeader' is defined but never used    @typescript-eslint/no-unused-vars
  11:5   warning  'CardTitle' is defined but never used     @typescript-eslint/no-unused-vars
  13:25  warning  'Phone' is defined but never used         @typescript-eslint/no-unused-vars

F:\Adwelink\AMS\app\workspace\training\page.tsx
  1:10  warning  'BookOpen' is defined but never used  @typescript-eslint/no-unused-vars

F:\Adwelink\AMS\components\app-sidebar.tsx
  12:5  warning  'GraduationCap' is defined but never used  @typescript-eslint/no-unused-vars
  13:5  warning  'Wallet' is defined but never used         @typescript-eslint/no-unused-vars
  14:5  warning  'CreditCard' is defined but never used     @typescript-eslint/no-unused-vars

F:\Adwelink\AMS\components\home-client-container.tsx
  6:41  warning  'Sparkles' is defined but never used  @typescript-eslint/no-unused-vars

Γ£û 40 problems (1 error, 39 warnings)
  0 errors and 1 warning potentially fixable with the `--fix` option.

